<?xml version="1.0" encoding="UTF-8"?>
<testsuite xmlns:xsi="http://www.w3.org/2001/XMLSchema-instance" xsi:noNamespaceSchemaLocation="https://maven.apache.org/surefire/maven-surefire-plugin/xsd/surefire-test-report-3.0.xsd" version="3.0" name="com.bank.controllerTest.AccountControllerTest" time="3.686" tests="13" errors="0" skipped="0" failures="0">
  <properties>
[...]
</properties>
  <testcase name="testCreateAccountNullCustomerId" classname="com.bank.controllerTest.AccountControllerTest" time="3.212">
    <system-out><![CDATA[01:09:37.543 [main] INFO org.hibernate.validator.internal.util.Version -- HV000001: Hibernate Validator 7.0.5.Final
]]></system-out>
    <system-err><![CDATA[WARNING: A Java agent has been loaded dynamically (C:\Users\DELL\.m2\repository\net\bytebuddy\byte-buddy-agent\1.14.12\byte-buddy-agent-1.14.12.jar)
WARNING: If a serviceability tool is in use, please run with -XX:+EnableDynamicAgentLoading to hide this warning
WARNING: If a serviceability tool is not in use, please run with -Djdk.instrument.traceUsage for more information
WARNING: Dynamic loading of agents will be disallowed by default in a future release
]]></system-err>
  </testcase>
  <testcase name="testGetAccountsByCustomerId" classname="com.bank.controllerTest.AccountControllerTest" time="0.195"/>
  <testcase name="testCreateAccountBlankBankName" classname="com.bank.controllerTest.AccountControllerTest" time="0.022"/>
  <testcase name="testCreateAccountInvalidAadhar" classname="com.bank.controllerTest.AccountControllerTest" time="0.02"/>
  <testcase name="testCreateAccountBlankFields" classname="com.bank.controllerTest.AccountControllerTest" time="0.019"/>
  <testcase name="testCreateAccountNegativeAmount" classname="com.bank.controllerTest.AccountControllerTest" time="0.015"/>
  <testcase name="testCreateAccountInvalidPhone" classname="com.bank.controllerTest.AccountControllerTest" time="0.017"/>
  <testcase name="testCreateAccountInvalidIfsc" classname="com.bank.controllerTest.AccountControllerTest" time="0.017"/>
  <testcase name="testCreateAccountSuccess" classname="com.bank.controllerTest.AccountControllerTest" time="0.036"/>
  <testcase name="testGetAccountByNumberSuccess" classname="com.bank.controllerTest.AccountControllerTest" time="0.01"/>
  <testcase name="testCreateAccountInvalidNameOnAccount" classname="com.bank.controllerTest.AccountControllerTest" time="0.019"/>
  <testcase name="testGetAccountByNumberNotFound" classname="com.bank.controllerTest.AccountControllerTest" time="0.009"/>
  <testcase name="testCreateAccountInvalidAccountNumber" classname="com.bank.controllerTest.AccountControllerTest" time="0.017"/>
</testsuite>